"../../../../../../Users/etudiant/Documents/GitHub/Mythled_Production/Mythled_Prod/Content/Levels/Assets/Sandbox_ENV/Sandbox_MAP/Material.uasset" 0
"../../../../../../Users/etudiant/Documents/GitHub/Mythled_Production/Mythled_Prod/Content/Levels/Assets/Sandbox_ENV/Sandbox_MAP/Sandboxlevel_Cube.uasset" 1
"../../../Engine/Content/Functions/Engine_MaterialFunctions01/Opacity/CameraDepthFade.uasset" 2
"../../../Engine/Content/EngineMaterials/T_Default_Material_Grid_M.uasset" 3
"../../../Engine/Content/EngineMaterials/T_Default_Material_Grid_N.uasset" 4
"../../../Engine/Content/EngineMaterials/WorldGridMaterial.uasset" 5
"../../../../../../Users/etudiant/Documents/GitHub/Mythled_Production/Mythled_Prod/Content/Levels/Assets/Sandbox_ENV/Sandbox_MAP/Sandboxlevel_Cube_002.uasset" 6
"../../../../../../Users/etudiant/Documents/GitHub/Mythled_Production/Mythled_Prod/Content/Levels/Assets/Sandbox_ENV/Sandbox_MAP/Sandboxlevel_Cube_003.uasset" 7
"../../../../../../Users/etudiant/Documents/GitHub/Mythled_Production/Mythled_Prod/Content/Levels/Assets/Sandbox_ENV/Sandbox_MAP/Sandboxlevel_Cube_004.uasset" 8
"../../../../../../Users/etudiant/Documents/GitHub/Mythled_Production/Mythled_Prod/Content/Levels/Assets/Sandbox_ENV/Sandbox_MAP/Sandboxlevel_Cube_005.uasset" 9
"../../../../../../Users/etudiant/Documents/GitHub/Mythled_Production/Mythled_Prod/Content/Levels/Assets/Sandbox_ENV/Sandbox_MAP/Sandboxlevel_Cube_006.uasset" 10
"../../../../../../Users/etudiant/Documents/GitHub/Mythled_Production/Mythled_Prod/Content/Levels/Assets/Sandbox_ENV/Sandbox_MAP/Sandboxlevel_Cube_007.uasset" 11
"../../../../../../Users/etudiant/Documents/GitHub/Mythled_Production/Mythled_Prod/Content/Levels/Assets/Sandbox_ENV/Sandbox_MAP/Sandboxlevel_Cube_008.uasset" 12
"../../../../../../Users/etudiant/Documents/GitHub/Mythled_Production/Mythled_Prod/Content/Levels/Assets/Sandbox_ENV/Sandbox_MAP/Sandboxlevel_Cube_009.uasset" 13
"../../../../../../Users/etudiant/Documents/GitHub/Mythled_Production/Mythled_Prod/Content/Levels/Assets/Sandbox_ENV/Sandbox_MAP/Sandboxlevel_Cube_010.uasset" 14
"../../../../../../Users/etudiant/Documents/GitHub/Mythled_Production/Mythled_Prod/Content/Levels/Assets/Sandbox_ENV/Sandbox_MAP/Sandboxlevel_Cube_011.uasset" 15
"../../../../../../Users/etudiant/Documents/GitHub/Mythled_Production/Mythled_Prod/Content/Levels/Assets/Sandbox_ENV/Sandbox_MAP/Sandboxlevel_Cube_012.uasset" 16
"../../../../../../Users/etudiant/Documents/GitHub/Mythled_Production/Mythled_Prod/Content/Levels/Assets/Sandbox_ENV/Sandbox_MAP/Sandboxlevel_Cube_013.uasset" 17
"../../../../../../Users/etudiant/Documents/GitHub/Mythled_Production/Mythled_Prod/Content/Levels/Assets/Sandbox_ENV/Sandbox_MAP/Sandboxlevel_Cube_014.uasset" 18
"../../../../../../Users/etudiant/Documents/GitHub/Mythled_Production/Mythled_Prod/Content/Levels/Assets/Sandbox_ENV/Sandbox_MAP/Sandboxlevel_Cube_015.uasset" 19
"../../../../../../Users/etudiant/Documents/GitHub/Mythled_Production/Mythled_Prod/Content/Levels/Assets/Sandbox_ENV/Sandbox_MAP/Sandboxlevel_Cube_016.uasset" 20
"../../../../../../Users/etudiant/Documents/GitHub/Mythled_Production/Mythled_Prod/Content/Levels/Assets/Sandbox_ENV/Sandbox_MAP/Sandboxlevel_Cube_017.uasset" 21
"../../../../../../Users/etudiant/Documents/GitHub/Mythled_Production/Mythled_Prod/Content/Levels/Assets/Sandbox_ENV/Sandbox_MAP/Sandboxlevel_Cube_018.uasset" 22
"../../../../../../Users/etudiant/Documents/GitHub/Mythled_Production/Mythled_Prod/Content/Levels/Assets/Sandbox_ENV/Sandbox_MAP/Sandboxlevel_Cube_019.uasset" 23
"../../../../../../Users/etudiant/Documents/GitHub/Mythled_Production/Mythled_Prod/Content/Levels/Assets/Sandbox_ENV/Sandbox_MAP/Sandboxlevel_Cube_020.uasset" 24
"../../../../../../Users/etudiant/Documents/GitHub/Mythled_Production/Mythled_Prod/Content/Levels/Assets/Sandbox_ENV/Sandbox_MAP/Sandboxlevel_Cube_021.uasset" 25
"../../../../../../Users/etudiant/Documents/GitHub/Mythled_Production/Mythled_Prod/Content/Levels/Assets/Sandbox_ENV/Sandbox_MAP/Sandboxlevel_Cylinder.uasset" 26
"../../../../../../Users/etudiant/Documents/GitHub/Mythled_Production/Mythled_Prod/Content/Levels/Assets/Sandbox_ENV/Sandbox_MAP/Sandboxlevel_Cylinder_001.uasset" 27
"../../../../../../Users/etudiant/Documents/GitHub/Mythled_Production/Mythled_Prod/Content/Levels/Assets/Sandbox_ENV/Sandbox_MAP/Sandboxlevel_Cylinder_002.uasset" 28
"../../../../../../Users/etudiant/Documents/GitHub/Mythled_Production/Mythled_Prod/Content/Levels/Map/Sandbox_MAP_BuiltData.uasset" 29
"../../../../../../Users/etudiant/Documents/GitHub/Mythled_Production/Mythled_Prod/Content/Levels/UI/Pause.uasset" 30
"../../../Engine/Content/EngineMaterials/LandscapeHolePhysicalMaterial.uasset" 31
"../../../Engine/Content/EngineMaterials/InvalidLightmapSettings.uasset" 32
"../../../Engine/Content/EngineMaterials/M_InvalidLightmapSettings.uasset" 33
"../../../Engine/Content/EngineMaterials/PaperDiffuse.uasset" 34
"../../../Engine/Content/EngineMaterials/PaperNormal.uasset" 35
"../../../Engine/Content/Functions/Engine_MaterialFunctions02/WorldPositionOffset/CameraOffset.uasset" 36
"../../../Engine/Content/EngineMaterials/PhAT_JointLimitMaterial.uasset" 37
"../../../Engine/Content/EngineMaterials/PhysMat_Rubber.uasset" 38
"../../../Engine/Content/EngineMaterials/PreintegratedSkinBRDF.uasset" 39
"../../../Engine/Content/EngineMaterials/RemoveSurfaceMaterial.uasset" 40
"../../../Engine/Content/EngineMaterials/WeightMapPlaceholderTexture.uasset" 41
"../../../Engine/Content/EngineResources/WhiteSquareTexture.uasset" 42
"../../../Engine/Content/EngineMaterials/Widget3DPassThrough.uasset" 43
"../../../Engine/Content/EngineMaterials/Widget3DPassThrough_Masked.uasset" 44
"../../../Engine/Content/EngineMaterials/Widget3DPassThrough_Opaque.uasset" 45
"../../../Engine/Content/EngineMaterials/Widget3DPassThrough_Masked_OneSided.uasset" 46
"../../../Engine/Content/EngineMaterials/Widget3DPassThrough_Opaque_OneSided.uasset" 47
"../../../Engine/Content/EngineMaterials/Widget3DPassThrough_Translucent.uasset" 48
"../../../Engine/Content/EngineMaterials/Widget3DPassThrough_Translucent_OneSided.uasset" 49
"../../../Engine/Content/EngineMaterials/DefaultMaterial.uasset" 50
"../../../Engine/Content/EngineMeshes/Cylinder.uasset" 51
"../../../Engine/Content/EngineMeshes/Sphere.uasset" 52
"../../../Engine/Content/EngineResources/Black.uasset" 53
"../../../Engine/Content/EngineResources/DefaultTexture.uasset" 54
"../../../Engine/Content/EngineResources/DefaultTextureCube.uasset" 55
"../../../Engine/Content/EngineResources/DefaultVolumeTexture2D.uasset" 56
"../../../Engine/Content/EngineResources/DefaultVolumeTexture.uasset" 57
"../../../Engine/Content/EngineResources/GradientTexture0.uasset" 58
"../../../Engine/Content/EngineResources/StreamingPauseIcon.uasset" 59
"../../../Engine/Content/EngineResources/M_StreamingPause.uasset" 60
"../../../Engine/Content/EngineSounds/Master.uasset" 61
"../../../Engine/Content/Functions/Engine_MaterialFunctions01/Shading/PowerToRoughness.uasset" 62
"../../../Engine/Content/Maps/Templates/Thumbnails/Default.uasset" 63
"../../../Engine/Content/Maps/Templates/Thumbnails/VR-Basic.uasset" 64
"../../../Engine/Content/MapTemplates/Sky/DaylightAmbientCubemap.uasset" 65
"../../../Engine/Content/MobileResources/T_MobileControls_texture.uasset" 66
"../../../Engine/Content/MobileResources/T_MobileMenu2.uasset" 67
"../../../Engine/Content/MobileResources/HUD/AnalogHat.uasset" 68
"../../../Engine/Content/MobileResources/HUD/VirtualJoystick_Background.uasset" 69
"../../../Engine/Content/MobileResources/HUD/VirtualJoystick_Thumb.uasset" 70
"../../../Engine/Content/MobileResources/HUD/DefaultVirtualJoysticks.uasset" 71
"../../../Engine/Content/MobileResources/HUD/LeftVirtualJoystickOnly.uasset" 72
"../../../Engine/Content/MobileResources/HUD/MobileHUDButton1_off.uasset" 73
"../../../Engine/Content/MobileResources/HUD/MobileHUDButton1_on.uasset" 74
"../../../Engine/Content/MobileResources/HUD/MobileHUDButton2_off.uasset" 75
"../../../Engine/Content/MobileResources/HUD/MobileHUDButton2_on.uasset" 76
"../../../Engine/Content/MobileResources/HUD/MobileHUDButton3.uasset" 77
"../../../Engine/Content/MobileResources/HUD/MobileHUDButtonFire.uasset" 78
"../../../Engine/Content/MobileResources/HUD/MobileHUDDirectionPad.uasset" 79
"../../../Engine/Content/MobileResources/HUD/MobileHUDDirectionPad2.uasset" 80
"../../../Engine/Content/MobileResources/HUD/MobileHUDDirectionPad3.uasset" 81
"../../../Engine/Content/MobileResources/HUD/MobileHUDDirectionStick.uasset" 82
"../../../Engine/Content/MobileResources/HUD/T_Castle_ThumbstickInner.uasset" 83
"../../../Engine/Content/MobileResources/HUD/T_Castle_ThumbstickOutter.uasset" 84
"../../../Engine/Content/Tutorial/ContentIntroCurve.uasset" 85
"../../../Engine/Content/Tutorial/Basics/TutorialAssets/icon_tab_Levels_40x.uasset" 86
"../../../Engine/Content/Tutorial/BlueprintTutorials/TutorialAssets/Blueprint_64x.uasset" 87
"../../../Engine/Content/VREditor/LaserPointer/VR_LaserPower_01.uasset" 88
"../../../Engine/Content/VREditor/TransformGizmo/TransformGizmoMaterial.uasset" 89
"../../../Engine/Content/VREditor/TransformGizmo/TranslucentTransformGizmoMaterial.uasset" 90
"../../../Engine/Content/VREditor/TransformGizmo/BoundingBoxCorner.uasset" 91
"../../../Engine/Content/VREditor/TransformGizmo/BoundingBoxEdge.uasset" 92
"../../../Engine/Content/VREditor/TransformGizmo/PlaneTranslationHandle.uasset" 93
"../../../Engine/Content/VREditor/TransformGizmo/Main.uasset" 94
"../../../Engine/Content/VREditor/TransformGizmo/Xray.uasset" 95
"../../../Engine/Content/VREditor/TransformGizmo/SM_Sequencer_Key.uasset" 96
"../../../Engine/Content/VREditor/TransformGizmo/SM_Sequencer_Node.uasset" 97
"../../../../../../Users/etudiant/Documents/GitHub/Mythled_Production/Mythled_Prod/Content/Character/Meshes/Happy_Idle__6__Skeleton.uasset" 98
"../../../../../../Users/etudiant/Documents/GitHub/Mythled_Production/Mythled_Prod/Content/Audio/SFX_SC.uasset" 99
"../../../../../../Users/etudiant/Documents/GitHub/Mythled_Production/Mythled_Prod/Content/Character/Sounds/Jump_landing/Jump_Landing-1.uasset" 100
"../../../../../../Users/etudiant/Documents/GitHub/Mythled_Production/Mythled_Prod/Content/Character/Sounds/Jump_landing/Jump_Landing-2.uasset" 101
"../../../../../../Users/etudiant/Documents/GitHub/Mythled_Production/Mythled_Prod/Content/Character/Sounds/Jump_landing/Jump_Landing-3.uasset" 102
"../../../../../../Users/etudiant/Documents/GitHub/Mythled_Production/Mythled_Prod/Content/Character/Sounds/Jump_landing/Jump_Landings.uasset" 103
"../../../../../../Users/etudiant/Documents/GitHub/Mythled_Production/Mythled_Prod/Content/Character/Animations/Jumping_Down.uasset" 104
"../../../../../../Users/etudiant/Documents/GitHub/Mythled_Production/Mythled_Prod/Content/Character/Animations/Jumping_Loop.uasset" 105
"../../../../../../Users/etudiant/Documents/GitHub/Mythled_Production/Mythled_Prod/Content/Character/Sounds/Jump/Jump-1.uasset" 106
"../../../../../../Users/etudiant/Documents/GitHub/Mythled_Production/Mythled_Prod/Content/Character/Sounds/Jump/Jump-2.uasset" 107
"../../../../../../Users/etudiant/Documents/GitHub/Mythled_Production/Mythled_Prod/Content/Character/Sounds/Jump/Jump-3.uasset" 108
"../../../../../../Users/etudiant/Documents/GitHub/Mythled_Production/Mythled_Prod/Content/Character/Sounds/Jump/JumpCue.uasset" 109
"../../../../../../Users/etudiant/Documents/GitHub/Mythled_Production/Mythled_Prod/Content/Character/Animations/Jumping_Up.uasset" 110
"../../../../../../Users/etudiant/Documents/GitHub/Mythled_Production/Mythled_Prod/Content/Character/Animations/Run.uasset" 111
"../../../../../../Users/etudiant/Documents/GitHub/Mythled_Production/Mythled_Prod/Content/Character/Sounds/Telekinesis/Telekinesis-loop2.uasset" 112
"../../../../../../Users/etudiant/Documents/GitHub/Mythled_Production/Mythled_Prod/Content/Character/Animations/Standing_Block_Idle.uasset" 113
"../../../../../../Users/etudiant/Documents/GitHub/Mythled_Production/Mythled_Prod/Content/Character/Animations/Idle_ANI.uasset" 114
"../../../../../../Users/etudiant/Documents/GitHub/Mythled_Production/Mythled_Prod/Content/Character/Animations/Walk_Strafe_Left__3_.uasset" 115
"../../../../../../Users/etudiant/Documents/GitHub/Mythled_Production/Mythled_Prod/Content/Character/Animations/Walk_Strafe_Right__3_.uasset" 116
"../../../../../../Users/etudiant/Documents/GitHub/Mythled_Production/Mythled_Prod/Content/Character/Sounds/Footsteps/Footstep-1.uasset" 117
"../../../../../../Users/etudiant/Documents/GitHub/Mythled_Production/Mythled_Prod/Content/Character/Sounds/Footsteps/Footstep-10.uasset" 118
"../../../../../../Users/etudiant/Documents/GitHub/Mythled_Production/Mythled_Prod/Content/Character/Sounds/Footsteps/Footstep-11.uasset" 119
"../../../../../../Users/etudiant/Documents/GitHub/Mythled_Production/Mythled_Prod/Content/Character/Sounds/Footsteps/Footstep-12.uasset" 120
"../../../../../../Users/etudiant/Documents/GitHub/Mythled_Production/Mythled_Prod/Content/Character/Sounds/Footsteps/Footstep-13.uasset" 121
"../../../../../../Users/etudiant/Documents/GitHub/Mythled_Production/Mythled_Prod/Content/Character/Sounds/Footsteps/Footstep-14.uasset" 122
"../../../../../../Users/etudiant/Documents/GitHub/Mythled_Production/Mythled_Prod/Content/Character/Sounds/Footsteps/Footstep-15.uasset" 123
"../../../../../../Users/etudiant/Documents/GitHub/Mythled_Production/Mythled_Prod/Content/Character/Sounds/Footsteps/Footstep-2.uasset" 124
"../../../../../../Users/etudiant/Documents/GitHub/Mythled_Production/Mythled_Prod/Content/Character/Sounds/Footsteps/Footstep-3.uasset" 125
"../../../../../../Users/etudiant/Documents/GitHub/Mythled_Production/Mythled_Prod/Content/Character/Sounds/Footsteps/Footstep-4.uasset" 126
"../../../../../../Users/etudiant/Documents/GitHub/Mythled_Production/Mythled_Prod/Content/Character/Sounds/Footsteps/Footstep-5.uasset" 127
"../../../../../../Users/etudiant/Documents/GitHub/Mythled_Production/Mythled_Prod/Content/Character/Sounds/Footsteps/Footstep-6.uasset" 128
"../../../../../../Users/etudiant/Documents/GitHub/Mythled_Production/Mythled_Prod/Content/Character/Sounds/Footsteps/Footstep-7.uasset" 129
"../../../../../../Users/etudiant/Documents/GitHub/Mythled_Production/Mythled_Prod/Content/Character/Sounds/Footsteps/Footstep-8.uasset" 130
"../../../../../../Users/etudiant/Documents/GitHub/Mythled_Production/Mythled_Prod/Content/Character/Sounds/Footsteps/Footstep-9.uasset" 131
"../../../../../../Users/etudiant/Documents/GitHub/Mythled_Production/Mythled_Prod/Content/Character/Sounds/Footsteps/Footsteps.uasset" 132
"../../../../../../Users/etudiant/Documents/GitHub/Mythled_Production/Mythled_Prod/Content/Character/Animations/Walking__2_.uasset" 133
"../../../../../../Users/etudiant/Documents/GitHub/Mythled_Production/Mythled_Prod/Content/Character/Animations/Walking_Backward__3_.uasset" 134
"../../../../../../Users/etudiant/Documents/GitHub/Mythled_Production/Mythled_Prod/Content/Character/Blueprints/AaronForce_BS.uasset" 135
"../../../../../../Users/etudiant/Documents/GitHub/Mythled_Production/Mythled_Prod/Content/Character/Sounds/Run/Run-01.uasset" 136
"../../../../../../Users/etudiant/Documents/GitHub/Mythled_Production/Mythled_Prod/Content/Character/Sounds/Run/Run-02.uasset" 137
"../../../../../../Users/etudiant/Documents/GitHub/Mythled_Production/Mythled_Prod/Content/Character/Sounds/Run/Run-03.uasset" 138
"../../../../../../Users/etudiant/Documents/GitHub/Mythled_Production/Mythled_Prod/Content/Character/Sounds/Run/Run-04.uasset" 139
"../../../../../../Users/etudiant/Documents/GitHub/Mythled_Production/Mythled_Prod/Content/Character/Sounds/Run/Run-05.uasset" 140
"../../../../../../Users/etudiant/Documents/GitHub/Mythled_Production/Mythled_Prod/Content/Character/Sounds/Run/Run-06.uasset" 141
"../../../../../../Users/etudiant/Documents/GitHub/Mythled_Production/Mythled_Prod/Content/Character/Sounds/Run/Run-07.uasset" 142
"../../../../../../Users/etudiant/Documents/GitHub/Mythled_Production/Mythled_Prod/Content/Character/Sounds/Run/Run-08.uasset" 143
"../../../../../../Users/etudiant/Documents/GitHub/Mythled_Production/Mythled_Prod/Content/Character/Sounds/Run/Run-09.uasset" 144
"../../../../../../Users/etudiant/Documents/GitHub/Mythled_Production/Mythled_Prod/Content/Character/Sounds/Run/Run-10.uasset" 145
"../../../../../../Users/etudiant/Documents/GitHub/Mythled_Production/Mythled_Prod/Content/Character/Sounds/Run/Run-11.uasset" 146
"../../../../../../Users/etudiant/Documents/GitHub/Mythled_Production/Mythled_Prod/Content/Character/Sounds/Run/Run-12.uasset" 147
"../../../../../../Users/etudiant/Documents/GitHub/Mythled_Production/Mythled_Prod/Content/Character/Sounds/Run/Run-13.uasset" 148
"../../../../../../Users/etudiant/Documents/GitHub/Mythled_Production/Mythled_Prod/Content/Character/Sounds/Run/Run-14.uasset" 149
"../../../../../../Users/etudiant/Documents/GitHub/Mythled_Production/Mythled_Prod/Content/Character/Sounds/Run/Run-15.uasset" 150
"../../../../../../Users/etudiant/Documents/GitHub/Mythled_Production/Mythled_Prod/Content/Character/Sounds/Run/Run.uasset" 151
"../../../../../../Users/etudiant/Documents/GitHub/Mythled_Production/Mythled_Prod/Content/Character/Animations/Running.uasset" 152
"../../../../../../Users/etudiant/Documents/GitHub/Mythled_Production/Mythled_Prod/Content/Character/Blueprints/Speed_BS.uasset" 153
"../../../Engine/Content/EditorBlueprintResources/StandardMacros.uasset" 154
"../../../../../../Users/etudiant/Documents/GitHub/Mythled_Production/Mythled_Prod/Content/Character/Blueprints/CharMovement_ABP.uasset" 155
"../../../../../../Users/etudiant/Documents/GitHub/Mythled_Production/Mythled_Prod/Content/Character/Materials/Shadow/Shadow.uasset" 156
"../../../../../../Users/etudiant/Documents/GitHub/Mythled_Production/Mythled_Prod/Content/Character/Materials/Shadow/ShadowDecal.uasset" 157
"../../../../../../Users/etudiant/Documents/GitHub/Mythled_Production/Mythled_Prod/Content/Character/Meshes/Bottes.uasset" 158
"../../../../../../Users/etudiant/Documents/GitHub/Mythled_Production/Mythled_Prod/Content/Character/Meshes/hair.uasset" 159
"../../../../../../Users/etudiant/Documents/GitHub/Mythled_Production/Mythled_Prod/Content/Character/Meshes/Pantalon.uasset" 160
"../../../../../../Users/etudiant/Documents/GitHub/Mythled_Production/Mythled_Prod/Content/Character/Meshes/skin_.uasset" 161
"../../../../../../Users/etudiant/Documents/GitHub/Mythled_Production/Mythled_Prod/Content/Character/Meshes/Veste.uasset" 162
"../../../../../../Users/etudiant/Documents/GitHub/Mythled_Production/Mythled_Prod/Content/Character/Meshes/Happy_Idle__6__PhysicsAsset.uasset" 163
"../../../../../../Users/etudiant/Documents/GitHub/Mythled_Production/Mythled_Prod/Content/Character/Meshes/Happy_Idle__6_.uasset" 164
"../../../../../../Users/etudiant/Documents/GitHub/Mythled_Production/Mythled_Prod/Content/Character/Blueprints/CharMovement_BP.uasset" 165
"../../../../../../Users/etudiant/Documents/GitHub/Mythled_Production/Mythled_Prod/Content/Objects/Assets/crosshair.uasset" 166
"../../../../../../Users/etudiant/Documents/GitHub/Mythled_Production/Mythled_Prod/Content/Character/Blueprints/myHUD.uasset" 167
"../../../../../../Users/etudiant/Documents/GitHub/Mythled_Production/Mythled_Prod/Content/Character/Blueprints/Character_BP.uasset" 168
"../../../Engine/Content/ArtTools/RenderToTexture/Enums/RenderToTexture_Flipbook_Enum.uasset" 169
"../../../Engine/Content/ArtTools/RenderToTexture/Enums/RenderToTexture_Imposter_Enum.uasset" 170
"../../../Engine/Content/ArtTools/RenderToTexture/Enums/EIntTypes.uasset" 171
"../../../Engine/Content/ArtTools/RenderToTexture/Macros/RenderToTextureFunctionLibrary.uasset" 172
"../../../Engine/Content/ArtTools/RenderToTexture/Enums/EFloatTypes.uasset" 173
"../../../Engine/Content/ArtTools/RenderToTexture/Macros/RenderToTextureMacros.uasset" 174
"../../../Engine/Content/ArtTools/RenderToTexture/Meshes/S_1_Unit_Plane.uasset" 175
"../../../Engine/Content/BasicShapes/Cone.uasset" 176
"../../../Engine/Content/BasicShapes/Cylinder.uasset" 177
"../../../Engine/Content/BasicShapes/Plane.uasset" 178
"../../../Engine/Content/EngineMaterials/DefaultPhysicalMaterial.uasset" 179
"../../../Engine/Content/BufferVisualization/AmbientOcclusion.uasset" 180
"../../../Engine/Content/BufferVisualization/BaseColor.uasset" 181
"../../../Engine/Content/BufferVisualization/CustomDepth.uasset" 182
"../../../Engine/Content/Functions/Engine_MaterialFunctions02/Utility/VectorLength.uasset" 183
"../../../Engine/Content/BufferVisualization/CustomDepthWorldUnits.uasset" 184
"../../../Engine/Content/Functions/Engine_MaterialFunctions02/Utility/BreakOutFloat2Components.uasset" 185
"../../../Engine/Content/Functions/Engine_MaterialFunctions01/Texturing/ScaleUVsByCenter.uasset" 186
"../../../Engine/Content/Functions/Engine_MaterialFunctions02/ScreenResolution.uasset" 187
"../../../Engine/Content/Functions/Engine_MaterialFunctions02/Texturing/ScreenAlignedUVs.uasset" 188
"../../../Engine/Content/Functions/Engine_MaterialFunctions02/Utility/MakeFloat2.uasset" 189
"../../../Engine/Content/Functions/Engine_MaterialFunctions02/Utility/MakeFloat3.uasset" 190
"../../../Engine/Content/EngineMaterials/MiniFont.uasset" 191
"../../../Engine/Content/BufferVisualization/CustomStencil.uasset" 192
"../../../Engine/Content/BufferVisualization/FinalImage.uasset" 193
"../../../Engine/Content/BufferVisualization/LightingModel.uasset" 194
"../../../Engine/Content/BufferVisualization/MaterialAO.uasset" 195
"../../../Engine/Content/BufferVisualization/Metallic.uasset" 196
"../../../Engine/Content/BufferVisualization/Opacity.uasset" 197
"../../../Engine/Content/BufferVisualization/PostTonemapHDRColor.uasset" 198
"../../../Engine/Content/BufferVisualization/PreTonemapHDRColor.uasset" 199
"../../../Engine/Content/BufferVisualization/Roughness.uasset" 200
"../../../Engine/Content/BufferVisualization/SceneColor.uasset" 201
"../../../Engine/Content/BufferVisualization/SceneDepth.uasset" 202
"../../../Engine/Content/BufferVisualization/SceneDepthWorldUnits.uasset" 203
"../../../Engine/Content/BufferVisualization/SeparateTranslucencyA.uasset" 204
"../../../Engine/Content/BufferVisualization/SeparateTranslucencyRGB.uasset" 205
"../../../Engine/Content/BufferVisualization/Specular.uasset" 206
"../../../Engine/Content/BufferVisualization/SubsurfaceColor.uasset" 207
"../../../Engine/Content/BufferVisualization/WorldNormal.uasset" 208
"../../../Engine/Content/EditorBlueprintResources/ActorMacros.uasset" 209
"../../../Engine/Content/EditorLandscapeResources/DataLayer.uasset" 210
"../../../Engine/Content/EditorLandscapeResources/DefaultAlphaTexture.uasset" 211
"../../../Engine/Content/EditorLandscapeResources/LandscapeGizmoHeight_Mat.uasset" 212
"../../../Engine/Content/EditorLandscapeResources/LandscapeGizmo_Mat.uasset" 213
"../../../Engine/Content/EditorLandscapeResources/LandscapeGizmo_Mat_Copied.uasset" 214
"../../../Engine/Content/EditorLandscapeResources/SplineEditorMeshMat.uasset" 215
"../../../Engine/Content/EditorLandscapeResources/SplineEditorMesh.uasset" 216
"../../../Engine/Content/EditorMaterials/Cross.uasset" 217
"../../../Engine/Content/EditorMaterials/Cross_Mat.uasset" 218
"../../../Engine/Content/EditorMaterials/GizmoMaterial.uasset" 219
"../../../Engine/Content/Functions/Engine_MaterialFunctions02/ExampleContent/Textures/flipbook.uasset" 220
"../../../Engine/Content/Functions/Engine_MaterialFunctions02/Texturing/FlipBook.uasset" 221
"../../../Engine/Content/Functions/Engine_MaterialFunctions02/Utility/Sign.uasset" 222
"../../../Engine/Content/Functions/Engine_MaterialFunctions02/Utility/Round.uasset" 223
"../../../Engine/Content/EditorResources/T_EditorHelp.uasset" 224
"../../../Engine/Content/EditorMaterials/HelpActorMaterial.uasset" 225
"../../../Engine/Content/EditorMaterials/CompositeARGBLayer.uasset" 226
"../../../Engine/Content/EditorMaterials/TilingAALineIntegral.uasset" 227
"../../../Engine/Content/EditorMaterials/TilingAALineBoxFiltered.uasset" 228
"../../../Engine/Content/Functions/Engine_MaterialFunctions03/Procedurals/ComputeFilterWidth.uasset" 229
"../../../Engine/Content/EditorMaterials/TilingAADots.uasset" 230
"../../../Engine/Content/EngineMaterials/BlendFunc_DefBase.uasset" 231
"../../../Engine/Content/EngineMaterials/BlendFunc_DefBlend.uasset" 232
"../../../Engine/Content/Functions/Engine_MaterialFunctions03/Blends/Blend_Screen.uasset" 233
"../../../Engine/Content/EditorMaterials/TilingAAGrid.uasset" 234
"../../../Engine/Content/EditorMaterials/LevelGridMaterial.uasset" 235
"../../../Engine/Content/EditorMaterials/MakeCompositeARGBLayer.uasset" 236
"../../../Engine/Content/EditorResources/LevelGrid1DStripes.uasset" 237
"../../../Engine/Content/EditorMaterials/TextureGridCascaded1D.uasset" 238
"../../../Engine/Content/EditorMaterials/TextureGridCascaded2D.uasset" 239
"../../../Engine/Content/EditorMaterials/LevelGridMaterial2.uasset" 240
"../../../Engine/Content/EditorMaterials/MAT_Groups_Toggle.uasset" 241
"../../../Engine/Content/EditorMaterials/MAT_Groups_Visibility.uasset" 242
"../../../Engine/Content/EditorMaterials/PhAT_BoneSelectedMaterial.uasset" 243
"../../../Engine/Content/EditorMaterials/PhAT_ElemSelectedMaterial.uasset" 244
"../../../Engine/Content/EditorMaterials/PhAT_NoCollisionMaterial.uasset" 245
"../../../Engine/Content/EditorMaterials/PhAT_UnselectedMaterial.uasset" 246
"../../../Engine/Content/EditorMaterials/PreviewShadowIndicator.uasset" 247
"../../../Engine/Content/EditorMaterials/PreviewShadowIndicatorMaterial.uasset" 248
"../../../Engine/Content/EditorMaterials/TargetIcon.uasset" 249
"../../../Engine/Content/EditorMaterials/Tick.uasset" 250
"../../../Engine/Content/EditorMaterials/Tick_Mat.uasset" 251
"../../../Engine/Content/EditorMaterials/WidgetGridVertexColorMaterial.uasset" 252
"../../../Engine/Content/EditorMaterials/WidgetGridVertexColorMaterial_Ma.uasset" 253
"../../../Engine/Content/EditorMaterials/WidgetMaterial.uasset" 254
"../../../Engine/Content/EditorMaterials/WidgetMaterial_Current.uasset" 255
"../../../Engine/Content/EditorMaterials/WidgetMaterial_X.uasset" 256
"../../../Engine/Content/EditorMaterials/WidgetMaterial_Y.uasset" 257
"../../../Engine/Content/EditorMaterials/WidgetMaterial_Z.uasset" 258
"../../../Engine/Content/EditorMaterials/WidgetVertexColorMaterial.uasset" 259
"../../../Engine/Content/EditorMaterials/MatineeGroups/MAT_ColorTrack.uasset" 260
"../../../Engine/Content/EditorMaterials/MatineeGroups/MAT_Groups_Anim.uasset" 261
"../../../Engine/Content/EditorMaterials/MatineeGroups/MAT_Groups_AudioMaster.uasset" 262
"../../../Engine/Content/EditorMaterials/MatineeGroups/MAT_Groups_Director.uasset" 263
"../../../Engine/Content/EditorMaterials/MatineeGroups/MAT_Groups_Event.uasset" 264
"../../../Engine/Content/EditorMaterials/MatineeGroups/MAT_Groups_Fade.uasset" 265
"../../../Engine/Content/EditorMaterials/MatineeGroups/MAT_Groups_Float.uasset" 266
"../../../Engine/Content/EditorMaterials/MatineeGroups/MAT_Groups_Move.uasset" 267
"../../../Engine/Content/EditorMaterials/MatineeGroups/MAT_Groups_Slomo.uasset" 268
"../../../Engine/Content/EditorMaterials/MatineeGroups/MAT_Groups_Sound.uasset" 269
"../../../Engine/Content/EditorMaterials/MatineeGroups/MAT_Groups_Vector.uasset" 270
"../../../Engine/Content/EditorMaterials/ParticleSystems/PSysThumbnail_NoImage.uasset" 271
"../../../Engine/Content/EditorMaterials/ParticleSystems/PSysThumbnail_OOD.uasset" 272
"../../../Engine/Content/EngineMaterials/Grid.uasset" 273
"../../../Engine/Content/EditorMaterials/Thumbnails/FloorPlaneMaterial.uasset" 274
"../../../Engine/Content/EditorMeshes/EditorCube.uasset" 275
"../../../Engine/Content/EditorMeshes/EditorCylinder.uasset" 276
"../../../Engine/Content/EditorMeshes/EditorPlane.uasset" 277
"../../../Engine/Content/EditorMaterials/Thumbnails/SkySphereMaterial.uasset" 278
"../../../Engine/Content/EditorMeshes/EditorSkySphere.uasset" 279
"../../../Engine/Content/EditorMeshes/EditorSphere.uasset" 280
"../../../Engine/Content/EditorResources/MatineeCam_D.uasset" 281
"../../../Engine/Content/EditorMaterials/MatineeCam_mat.uasset" 282
"../../../Engine/Content/EditorMeshes/MatineeCam_SM.uasset" 283
"../../../Engine/Content/EditorMaterials/Camera/CineMat.uasset" 284
"../../../Engine/Content/EditorMaterials/Camera/MI_CineMat_CameraBody.uasset" 285
"../../../Engine/Content/EngineDebugMaterials/M_SimpleOpaque.uasset" 286
"../../../Engine/Content/EditorMaterials/Camera/MI_CineMat_CamViewFinder.uasset" 287
"../../../Engine/Content/EditorMeshes/Camera/SM_CineCam.uasset" 288
"../../../Engine/Content/EditorMaterials/Camera/MI_CineMat_Rig.uasset" 289
"../../../Engine/Content/EditorMeshes/Camera/SM_CraneRig_Arm.uasset" 290
"../../../Engine/Content/EditorMeshes/Camera/SM_CraneRig_Base.uasset" 291
"../../../Engine/Content/EditorMeshes/Camera/SM_CraneRig_Body.uasset" 292
"../../../Engine/Content/EditorMeshes/Camera/SM_CraneRig_Mount.uasset" 293
"../../../Engine/Content/EditorMeshes/Camera/SM_RailRig_Mount.uasset" 294
"../../../Engine/Content/EditorMeshes/Camera/SM_RailRig_Track.uasset" 295
"../../../Engine/Content/EditorResources/Bad.uasset" 296
"../../../Engine/Content/EditorResources/BSPVertex.uasset" 297
"../../../Engine/Content/EditorResources/EmptyActor.uasset" 298
"../../../Engine/Content/EditorResources/MatInstActSprite.uasset" 299
"../../../Engine/Content/EditorResources/SceneManager.uasset" 300
"../../../Engine/Content/EditorResources/SmallFont.uasset" 301
"../../../Engine/Content/EditorResources/S_Actor.uasset" 302
"../../../Engine/Content/EditorResources/S_DecalActorIcon.uasset" 303
"../../../Engine/Content/EditorResources/S_Emitter.uasset" 304
"../../../Engine/Content/EditorResources/S_ExpoHeightFog.uasset" 305
"../../../Engine/Content/EditorResources/S_FTest.uasset" 306
"../../../Engine/Content/EditorResources/S_KBSJoint.uasset" 307
"../../../Engine/Content/EditorResources/S_KHinge.uasset" 308
"../../../Engine/Content/EditorResources/S_KPrismatic.uasset" 309
"../../../Engine/Content/EditorResources/S_LevelSequence.uasset" 310
"../../../Engine/Content/EditorResources/S_NavP.uasset" 311
"../../../Engine/Content/EditorResources/S_Note.uasset" 312
"../../../Engine/Content/EditorResources/S_Player.uasset" 313
"../../../Engine/Content/EditorResources/S_PortalActorIcon2.uasset" 314
"../../../Engine/Content/EditorResources/S_RadForce.uasset" 315
"../../../Engine/Content/EditorResources/S_ReflActorIcon.uasset" 316
"../../../Engine/Content/EditorResources/S_Terrain.uasset" 317
"../../../Engine/Content/EditorResources/S_TextRenderActorIcon.uasset" 318
"../../../Engine/Content/EditorResources/S_Thruster.uasset" 319
"../../../Engine/Content/EditorResources/S_Trigger.uasset" 320
"../../../Engine/Content/EditorResources/S_VectorFieldVol.uasset" 321
"../../../Engine/Content/EditorResources/S_WindDirectional.uasset" 322
"../../../Engine/Content/EditorResources/AI/S_NavLink.uasset" 323
"../../../Engine/Content/EditorResources/AudioIcons/S_AudioComponent_AutoActivate.uasset" 324
"../../../Engine/Content/EditorResources/LightIcons/SkyLight.uasset" 325
"../../../Engine/Content/EditorResources/LightIcons/S_LightDirectional.uasset" 326
"../../../Engine/Content/EditorResources/LightIcons/S_LightDirectionalMove.uasset" 327
"../../../Engine/Content/EditorResources/LightIcons/S_LightError.uasset" 328
"../../../Engine/Content/EditorResources/LightIcons/S_LightPoint.uasset" 329
"../../../Engine/Content/EditorResources/LightIcons/S_LightPointMove.uasset" 330
"../../../Engine/Content/EditorResources/LightIcons/S_LightSpot.uasset" 331
"../../../Engine/Content/EditorResources/LightIcons/S_LightSpotMove.uasset" 332
"../../../Engine/Content/EditorResources/SequenceRecorder/Countdown.uasset" 333
"../../../Engine/Content/EditorResources/SequenceRecorder/RecordingIndicator.uasset" 334
"../../../Engine/Content/EditorResources/Spline/T_Loft_Spline.uasset" 335
"../../../Engine/Content/EditorSounds/Notifications/CompileFailed.uasset" 336
"../../../Engine/Content/EditorSounds/Notifications/CompileFailed_Cue.uasset" 337
"../../../Engine/Content/EditorSounds/Notifications/CompileSuccess.uasset" 338
"../../../Engine/Content/EditorSounds/Notifications/CompileStart_Cue.uasset" 339
"../../../Engine/Content/EditorSounds/Notifications/CompileSuccess_Cue.uasset" 340
"../../../Engine/Content/EngineDamageTypes/DmgTypeBP_Environmental.uasset" 341
"../../../Engine/Content/EngineDebugMaterials/HeatmapGradient.uasset" 342
"../../../Engine/Content/EngineDebugMaterials/BoneWeightMaterial.uasset" 343
"../../../Engine/Content/EngineDebugMaterials/ClothMaterial.uasset" 344
"../../../Engine/Content/EngineDebugMaterials/ClothMaterial_WF.uasset" 345
"../../../Engine/Content/EngineDebugMaterials/DebugEditorMaterial.uasset" 346
"../../../Engine/Content/EngineDebugMaterials/DebugMeshMaterial.uasset" 347
"../../../Engine/Content/EngineDebugMaterials/GeomMaterial.uasset" 348
"../../../Engine/Content/Functions/Engine_MaterialFunctions01/Shading/ConvertFromDiffSpec.uasset" 349
"../../../Engine/Content/EngineDebugMaterials/LevelColorationLitMaterial.uasset" 350
"../../../Engine/Content/EngineDebugMaterials/LevelColorationUnlitMaterial.uasset" 351
"../../../Engine/Content/EngineMaterials/DefaultWhiteGrid.uasset" 352
"../../../Engine/Content/EngineDebugMaterials/MAT_LevelColorationLitLightmapUV.uasset" 353
"../../../Engine/Content/EngineDebugMaterials/M_SimpleTranslucent.uasset" 354
"../../../Engine/Content/EngineDebugMaterials/ShadedLevelColorationLitMaterial.uasset" 355
"../../../Engine/Content/EngineDebugMaterials/ShadedLevelColorationUnlitMateri.uasset" 356
"../../../Engine/Content/EngineDebugMaterials/VertexColorMaterial.uasset" 357
"../../../Engine/Content/EngineDebugMaterials/VertexColorViewMode_AlphaAsColor.uasset" 358
"../../../Engine/Content/EngineDebugMaterials/VertexColorViewMode_BlueOnly.uasset" 359
"../../../Engine/Content/EngineDebugMaterials/VertexColorViewMode_ColorOnly.uasset" 360
"../../../Engine/Content/EngineDebugMaterials/VertexColorViewMode_GreenOnly.uasset" 361
"../../../Engine/Content/EngineDebugMaterials/VertexColorViewMode_RedOnly.uasset" 362
"../../../Engine/Content/EngineDebugMaterials/WireframeMaterial.uasset" 363
"../../../Engine/Content/EngineFonts/Faces/RobotoBold.uasset" 364
"../../../Engine/Content/EngineFonts/Faces/RobotoBoldItalic.uasset" 365
"../../../Engine/Content/EngineFonts/Faces/RobotoItalic.uasset" 366
"../../../Engine/Content/EngineFonts/Faces/RobotoLight.uasset" 367
"../../../Engine/Content/EngineFonts/Faces/RobotoRegular.uasset" 368
"../../../Engine/Content/EngineFonts/Roboto.uasset" 369
"../../../Engine/Content/EngineFonts/Faces/RobotoTiny.uasset" 370
"../../../Engine/Content/EngineFonts/RobotoTiny.uasset" 371
"../../../Engine/Content/EngineFonts/SmallFont.uasset" 372
"../../../Engine/Content/EngineFonts/TinyFont.uasset" 373
"../../../Engine/Content/EngineMaterials/BaseFlattenDiffuseMap.uasset" 374
"../../../Engine/Content/EngineMaterials/BaseFlattenEmissiveMap.uasset" 375
"../../../Engine/Content/EngineMaterials/BaseFlattenGrayscaleMap.uasset" 376
"../../../Engine/Content/EngineMaterials/BaseFlattenNormalMap.uasset" 377
"../../../Engine/Content/EngineMaterials/BaseFlattenMaterial.uasset" 378
"../../../Engine/Content/EngineMaterials/BlinkingCaret.uasset" 379
"../../../Engine/Content/EngineMaterials/DefaultBloomKernel.uasset" 380
"../../../Engine/Content/EngineMaterials/DefaultBokeh.uasset" 381
"../../../Engine/Content/EngineMaterials/DefaultDiffuse.uasset" 382
"../../../Engine/Content/EngineMaterials/DefaultDeferredDecalMaterial.uasset" 383
"../../../Engine/Content/EngineMaterials/DefaultLightFunctionMaterial.uasset" 384
"../../../Engine/Content/EngineMaterials/DefaultNormal.uasset" 385
"../../../Engine/Content/EngineMaterials/DefaultPostProcessMaterial.uasset" 386
"../../../Engine/Content/EngineFonts/RobotoDistanceField.uasset" 387
"../../../Engine/Content/EngineMaterials/DefaultTextMaterialOpaque.uasset" 388
"../../../Engine/Content/EngineMaterials/EditorBrushMaterial.uasset" 389
"../../../Engine/Content/EngineMaterials/Good64x64TilingNoiseHighFreq.uasset" 390
"../../../Engine/Content/EngineMaterials/Grid_N.uasset" 391
"../../../Engine/Content/EngineMaterials/HighResolutionScreenshotMaskFunction.uasset" 392
"../../../Engine/Content/EngineMaterials/HighResScreenshot.uasset" 393
"../../../Engine/Content/EngineMaterials/HighResScreenshotCaptureRegion.uasset" 394
"../../../Engine/Content/EngineMaterials/HighResScreenshotMask.uasset" 395
"../../../../../../Users/etudiant/Documents/GitHub/Mythled_Production/Mythled_Prod/Content/Objects/Assets/Basket/Material.uasset" 396
"../../../../../../Users/etudiant/Documents/GitHub/Mythled_Production/Mythled_Prod/Content/Objects/Assets/Basket/Basket_Cube.uasset" 397
"../../../../../../Users/etudiant/Documents/GitHub/Mythled_Production/Mythled_Prod/Content/Objects/Assets/Basket/Basket_Cube_017.uasset" 398
"../../../../../../Users/etudiant/Documents/GitHub/Mythled_Production/Mythled_Prod/Content/Objects/Assets/Basket/Basket_Torus.uasset" 399
"../../../../../../Users/etudiant/Documents/GitHub/Mythled_Production/Mythled_Prod/Content/Objects/Assets/Cage/Cage.uasset" 400
"../../../../../../Users/etudiant/Documents/GitHub/Mythled_Production/Mythled_Prod/Content/Objects/Textures_TEX/Flat/Glass.uasset" 401
"../../../../../../Users/etudiant/Documents/GitHub/Mythled_Production/Mythled_Prod/Content/Objects/Textures_TEX/Flat/gris_clair.uasset" 402
"../../../../../../Users/etudiant/Documents/GitHub/Mythled_Production/Mythled_Prod/Content/Objects/Textures_TEX/Flat/gris_clair_Mat.uasset" 403
"../../../../../../Users/etudiant/Documents/GitHub/Mythled_Production/Mythled_Prod/Content/Objects/Textures_TEX/Flat/gris_fonce.uasset" 404
"../../../../../../Users/etudiant/Documents/GitHub/Mythled_Production/Mythled_Prod/Content/Objects/Textures_TEX/Flat/gris_fonce_Mat.uasset" 405
"../../../../../../Users/etudiant/Documents/GitHub/Mythled_Production/Mythled_Prod/Content/Objects/Textures_TEX/Flat/rouge_clair.uasset" 406
"../../../../../../Users/etudiant/Documents/GitHub/Mythled_Production/Mythled_Prod/Content/Objects/Textures_TEX/Flat/rouge_clair_Mat.uasset" 407
"../../../../../../Users/etudiant/Documents/GitHub/Mythled_Production/Mythled_Prod/Content/Objects/Textures_TEX/Flat/rouge_fonce.uasset" 408
"../../../../../../Users/etudiant/Documents/GitHub/Mythled_Production/Mythled_Prod/Content/Objects/Textures_TEX/Flat/rouge_fonce_Mat.uasset" 409
"../../Plugins/2D/Paper2D/Content/PlaceholderTextures/DummySpriteTexture.uasset" 410
"../../Plugins/2D/Paper2D/Content/DummySprite.uasset" 411
"../../Plugins/2D/Paper2D/Content/DefaultPaperTerrainMaterial.uasset" 412
"../../Plugins/2D/Paper2D/Content/DefaultSpriteMaterial.uasset" 413
"../../Plugins/2D/Paper2D/Content/MaskedUnlitSpriteMaterial.uasset" 414
"../../Plugins/2D/Paper2D/Content/OpaqueUnlitSpriteMaterial.uasset" 415
"../../Plugins/Enterprise/DatasmithContent/Content/Blueprints/FBXImporter/ArrayOfActor.uasset" 416
"../../Plugins/Enterprise/DatasmithContent/Content/Blueprints/FBXImporter/ArrayOfSwitch.uasset" 417
"../../Plugins/Enterprise/DatasmithContent/Content/Blueprints/FBXImporter/BP_SceneNode.uasset" 418
"../../Plugins/Enterprise/DatasmithContent/Content/Blueprints/FBXImporter/BP_Switch.uasset" 419
"../../Plugins/Enterprise/DatasmithContent/Content/Blueprints/FBXImporter/BP_SceneRoot.uasset" 420
"../../Plugins/Enterprise/DatasmithContent/Content/Blueprints/FBXImporter/FBXImporterUtils.uasset" 421
"../../Plugins/Enterprise/DatasmithContent/Content/Blueprints/FBXImporter/Animation/DeltaGenAnimationTrackType.uasset" 422
"../../Plugins/Enterprise/DatasmithContent/Content/Blueprints/FBXImporter/Animation/VREDAnimationTrackComponent.uasset" 423
"../../Plugins/Enterprise/DatasmithContent/Content/Blueprints/FBXImporter/Animation/VREDAnimationTrackType.uasset" 424
"../../Plugins/Enterprise/DatasmithContent/Content/Blueprints/FBXImporter/Animation/VREDAnimCurveComponent.uasset" 425
"../../Plugins/Enterprise/DatasmithContent/Content/Blueprints/FBXImporter/Animation/VREDAnimCurveType.uasset" 426
"../../Plugins/Enterprise/DatasmithContent/Content/Blueprints/FBXImporter/Variants/VariantSwitchType.uasset" 427
"../../Plugins/Enterprise/DatasmithContent/Content/Blueprints/FBXImporter/Variants/VREDVariantSwitchType.uasset" 428
"../../Plugins/Enterprise/DatasmithContent/Content/Blueprints/FBXImporter/Variants/VREDVariantType.uasset" 429
"../../Plugins/Runtime/Oculus/OculusVR/Content/Materials/PokeAHoleMaterial.uasset" 430
"../../Plugins/Runtime/Oculus/OculusVR/Content/Textures/GearVRController_AO.uasset" 431
"../../Plugins/Runtime/Oculus/OculusVR/Content/Textures/GearVRController_Color.uasset" 432
"../../Plugins/Runtime/Oculus/OculusVR/Content/Textures/GearVRController_Normal.uasset" 433
"../../Plugins/Runtime/Oculus/OculusVR/Content/Materials/GearVRControllerMaterial.uasset" 434
"../../Plugins/Runtime/Oculus/OculusVR/Content/Meshes/GearVrController.uasset" 435
"../../Plugins/Runtime/Oculus/OculusVR/Content/Textures/touchController_albedo.uasset" 436
"../../Plugins/Runtime/Oculus/OculusVR/Content/Textures/touchController_controlmap.uasset" 437
"../../Plugins/Runtime/Oculus/OculusVR/Content/Materials/touchController_mat.uasset" 438
"../../Plugins/Runtime/Oculus/OculusVR/Content/Meshes/LeftTouchController.uasset" 439
"../../Plugins/Runtime/Oculus/OculusVR/Content/Meshes/RiftHMD.uasset" 440
"../../Plugins/Runtime/Oculus/OculusVR/Content/Meshes/RightTouchController.uasset" 441
"../../../Engine/Content/EngineSky/C_Sky_Cloud_Color.uasset" 442
"../../../Engine/Content/EngineSky/C_Sky_Horizon_Color.uasset" 443
"../../../Engine/Content/EngineSky/C_Sky_Zenith_Color.uasset" 444
"../../../Engine/Content/EngineSky/T_Sky_Blue.uasset" 445
"../../../Engine/Content/EngineSky/T_Sky_Clouds_M.uasset" 446
"../../../Engine/Content/EngineSky/T_Sky_Stars.uasset" 447
"../../../Engine/Content/EngineSky/M_Sky_Panning_Clouds2.uasset" 448
"../../../Engine/Content/EngineSky/SM_SkySphere.uasset" 449
"../../../Engine/Content/EngineSky/BP_Sky_Sphere.uasset" 450
"../../../../../../Users/etudiant/Documents/GitHub/Mythled_Production/Mythled_Prod/Content/Levels/Musics/Chill.uasset" 451
"../../../../../../Users/etudiant/Documents/GitHub/Mythled_Production/Mythled_Prod/Content/Levels/Musics/ChillMusic.uasset" 452
"../../../../../../Users/etudiant/Documents/GitHub/Mythled_Production/Mythled_Prod/Content/Levels/UI/2.uasset" 453
"../../../../../../Users/etudiant/Documents/GitHub/Mythled_Production/Mythled_Prod/Content/Audio/SFXMix_SM.uasset" 454
"../../../../../../Users/etudiant/Documents/GitHub/Mythled_Production/Mythled_Prod/Content/Levels/UI/slider_position.uasset" 455
"../../../../../../Users/etudiant/Documents/GitHub/Mythled_Production/Mythled_Prod/Content/Levels/UI/Options.uasset" 456
"../../../../../../Users/etudiant/Documents/GitHub/Mythled_Production/Mythled_Prod/Content/Levels/UI/Main_menu.uasset" 457
"../../../../../../Users/etudiant/Documents/GitHub/Mythled_Production/Mythled_Prod/Content/Levels/Map/Main_Menu.umap" 458
"../../../Engine/Content/ArtTools/RenderToTexture/Enums/RenderToTexture_Enum.uasset" 459
"../../../../../../Users/etudiant/Documents/GitHub/Mythled_Production/Mythled_Prod/Content/Objects/Sound_effects/Rock_impact/blockAttenuation.uasset" 460
"../../../../../../Users/etudiant/Documents/GitHub/Mythled_Production/Mythled_Prod/Content/Objects/Sound_effects/Rock_impact/Rock_Impact-01.uasset" 461
"../../../../../../Users/etudiant/Documents/GitHub/Mythled_Production/Mythled_Prod/Content/Objects/Sound_effects/Rock_impact/Rock_Impact-02.uasset" 462
"../../../../../../Users/etudiant/Documents/GitHub/Mythled_Production/Mythled_Prod/Content/Objects/Sound_effects/Rock_impact/Rock_Impact-03.uasset" 463
"../../../../../../Users/etudiant/Documents/GitHub/Mythled_Production/Mythled_Prod/Content/Objects/Sound_effects/Rock_impact/Rock_Impact-04.uasset" 464
"../../../../../../Users/etudiant/Documents/GitHub/Mythled_Production/Mythled_Prod/Content/Objects/Sound_effects/Rock_impact/Rock_Impact-06.uasset" 465
"../../../../../../Users/etudiant/Documents/GitHub/Mythled_Production/Mythled_Prod/Content/Objects/Sound_effects/Rock_impact/Rock_Impact-07.uasset" 466
"../../../../../../Users/etudiant/Documents/GitHub/Mythled_Production/Mythled_Prod/Content/Objects/Sound_effects/Rock_impact/Rock_Impact-08.uasset" 467
"../../../../../../Users/etudiant/Documents/GitHub/Mythled_Production/Mythled_Prod/Content/Objects/Sound_effects/Rock_impact/Rock_Impact.uasset" 468
"../../../../../../Users/etudiant/Documents/GitHub/Mythled_Production/Mythled_Prod/Content/Objects/Blueprints/BP_Impacts.uasset" 469
"../../../Engine/Content/BasicShapes/BasicShapeMaterial.uasset" 470
"../../../Engine/Content/BasicShapes/Cube.uasset" 471
"../../../../../../Users/etudiant/Documents/GitHub/Mythled_Production/Mythled_Prod/Content/Objects/Blueprints/Portable_BLP.uasset" 472
"../../../../../../Users/etudiant/Documents/GitHub/Mythled_Production/Mythled_Prod/Content/Objects/Assets/Sphere.uasset" 473
"../../../../../../Users/etudiant/Documents/GitHub/Mythled_Production/Mythled_Prod/Content/Objects/Blueprints/Portable_BLP1.uasset" 474
"../../../../../../Users/etudiant/Documents/GitHub/Mythled_Production/Mythled_Prod/Content/Levels/Map/TestCamille_MAP_BuiltData.uasset" 475
"../../../../../../Users/etudiant/Documents/GitHub/Mythled_Production/Mythled_Prod/Content/Objects/Textures_TEX/Flat/bleu_fonce.uasset" 476
"../../../../../../Users/etudiant/Documents/GitHub/Mythled_Production/Mythled_Prod/Content/Objects/Textures_TEX/Flat/bleu_fonce_Mat.uasset" 477
"../../../Engine/Content/Functions/Engine_MaterialFunctions02/SplitComponents.uasset" 478
"../../../../../../Users/etudiant/Documents/GitHub/Mythled_Production/Mythled_Prod/Content/Objects/Materials/MF_ConvolveTexture.uasset" 479
"../../../../../../Users/etudiant/Documents/GitHub/Mythled_Production/Mythled_Prod/Content/Objects/Materials/MF_ExtractDepth.uasset" 480
"../../../../../../Users/etudiant/Documents/GitHub/Mythled_Production/Mythled_Prod/Content/Objects/Materials/MF_SampleSceneTextureNeighbourUVs.uasset" 481
"../../../../../../Users/etudiant/Documents/GitHub/Mythled_Production/Mythled_Prod/Content/Objects/Materials/PP_Outliner_M.uasset" 482
"../../../../../../Users/etudiant/Documents/GitHub/Mythled_Production/Mythled_Prod/Content/Objects/Materials/PP_Outliner_Inst.uasset" 483
"../../../Engine/Content/BasicShapes/Sphere.uasset" 484
"../../../Engine/Content/MapTemplates/SM_Template_Map_Floor.uasset" 485
"../../../../../../Users/etudiant/Documents/GitHub/Mythled_Production/Mythled_Prod/Content/Levels/Musics/House_Main_Theme.uasset" 486
"../../../../../../Users/etudiant/Documents/GitHub/Mythled_Production/Mythled_Prod/Content/Levels/Musics/House_Main_Theme_Cue.uasset" 487
"../../../../../../Users/etudiant/Documents/GitHub/Mythled_Production/Mythled_Prod/Content/Levels/Map/TestCamille_MAP.umap" 488
"../../../Engine/Content/Maps/Entry_BuiltData.uasset" 489
"../../../Engine/Content/Maps/Entry.umap" 490
